<?xml version="1.0" encoding="UTF-8"?>
<testsuite xmlns:xsi="http://www.w3.org/2001/XMLSchema-instance" xsi:noNamespaceSchemaLocation="https://maven.apache.org/surefire/maven-surefire-plugin/xsd/surefire-test-report-3.0.xsd" version="3.0" name="TicketServiceImpTest" time="1.683" tests="14" errors="0" skipped="0" failures="0">
  <properties>
[...]
</properties>
  <testcase name="testZeroTicketsRequest" classname="TicketServiceImpTest" time="0.065">
    <system-err><![CDATA[Mockito is currently self-attaching to enable the inline-mock-maker. This will no longer work in future releases of the JDK. Please add Mockito as an agent to your build what is described in Mockito's documentation: https://javadoc.io/doc/org.mockito/mockito-core/latest/org/mockito/Mockito.html#0.3
WARNING: A Java agent has been loaded dynamically (C:\Users\Prajwal\.m2\repository\net\bytebuddy\byte-buddy-agent\1.15.4\byte-buddy-agent-1.15.4.jar)
WARNING: If a serviceability tool is in use, please run with -XX:+EnableDynamicAgentLoading to hide this warning
WARNING: If a serviceability tool is not in use, please run with -Djdk.instrument.traceUsage for more information
WARNING: Dynamic loading of agents will be disallowed by default in a future release
]]></system-err>
  </testcase>
  <testcase name="testNullTicketTypeRequest" classname="TicketServiceImpTest" time="0.004"/>
  <testcase name="testPurchaseWithoutAdult" classname="TicketServiceImpTest" time="0.006"/>
  <testcase name="testNegativeTicketPurchase" classname="TicketServiceImpTest" time="0.002"/>
  <testcase name="testZeroTicketPurchase" classname="TicketServiceImpTest" time="0.003"/>
  <testcase name="testOnlyAdultsTicketsPurchase" classname="TicketServiceImpTest" time="0.029"/>
  <testcase name="testInvalidAdultToInfantRatio" classname="TicketServiceImpTest" time="0.003"/>
  <testcase name="testAdultToInfantRatio" classname="TicketServiceImpTest" time="0.002"/>
  <testcase name="testValidPurchase1" classname="TicketServiceImpTest" time="0.002"/>
  <testcase name="testValidPurchase2" classname="TicketServiceImpTest" time="0.002"/>
  <testcase name="test25TicketsPurchase" classname="TicketServiceImpTest" time="0.002"/>
  <testcase name="testInvalidAccountID" classname="TicketServiceImpTest" time="0.002"/>
  <testcase name="testPurchaseMoreThan25Tickets" classname="TicketServiceImpTest" time="0.003"/>
  <testcase name="testNullAccountID" classname="TicketServiceImpTest" time="0.002"/>
</testsuite>